<?xml version="1.0" encoding="UTF-8"?>
<!-- Generated by org.testng.reporters.JUnitReportReporter -->
<testsuite skipped="0" hostname="TYSS-4F-031" name="com.tyss.MavenDemo.MavenTest" tests="1" failures="0" timestamp="14 Feb 2018 10:48:34 GMT" time="5.405" errors="0">
  <testcase name="loggin" time="5.405" classname="com.tyss.MavenDemo.MavenTest"/>
</testsuite> <!-- com.tyss.MavenDemo.MavenTest -->
